<?xml version="1.0" encoding="UTF-8"?>
<!-- Generated by org.testng.reporters.JUnitReportReporter -->
<testsuite hostname="Advait-PC" failures="0" tests="1" name="com.orangehrm_hybrid_framework.testCase.Login_TC_01" time="40.974" errors="0" timestamp="2021-11-29T17:04:48 IST" skipped="0">
  <testcase classname="com.orangehrm_hybrid_framework.testCase.Login_TC_01" name="LoginOrangeHrmTest" time="40.974"/>
  <system-out/>
</testsuite> <!-- com.orangehrm_hybrid_framework.testCase.Login_TC_01 -->
