<?xml version="1.0" encoding="UTF-8"?>
<!-- Generated by org.testng.reporters.JUnitReportReporter -->
<testsuite hostname="Advait-PC" failures="0" tests="1" name="com.orangehrm_hybrid_framework.testCase.LoginTC002" time="0.000" errors="0" timestamp="2009-08-20T22:44:52 IST" skipped="1">
  <testcase classname="com.orangehrm_hybrid_framework.testCase.LoginTC002" name="validateLoginFunctionality" time="0.000">
    <skipped/>
  </testcase> <!-- validateLoginFunctionality -->
  <system-out/>
</testsuite> <!-- com.orangehrm_hybrid_framework.testCase.LoginTC002 -->
