<?xml version="1.0" encoding="UTF-8"?>
<!-- Generated by org.testng.reporters.JUnitReportReporter -->
<testsuite hostname="Advait-PC" failures="0" tests="1" name="com.orangehrm_hybrid_framework.testCase.LoginDataDrivenTC02" time="46.440" errors="0" timestamp="2021-12-18T11:19:41 IST" skipped="0">
  <testcase classname="com.orangehrm_hybrid_framework.testCase.LoginDataDrivenTC02" name="loginToOrangeHrmTC01" time="46.440"/>
  <system-out/>
</testsuite> <!-- com.orangehrm_hybrid_framework.testCase.LoginDataDrivenTC02 -->
